<?xml version="1.0" encoding="UTF-8"?>
<testsuite name="com.seat_code.controller.mower.application.find.FindMowerQueryHandlerShould" tests="2" skipped="0" failures="0" errors="0" timestamp="2021-10-27T21:11:28" hostname="DESKTOP-BC7GKLP.home" time="0.062">
  <properties/>
  <testcase name="non_find_an_existent_mower()" classname="com.seat_code.controller.mower.application.find.FindMowerQueryHandlerShould" time="0.058"/>
  <testcase name="find_all_existent_mower()" classname="com.seat_code.controller.mower.application.find.FindMowerQueryHandlerShould" time="0.003"/>
  <system-out><![CDATA[]]></system-out>
  <system-err><![CDATA[]]></system-err>
</testsuite>
