<?xml version="1.0" encoding="UTF-8"?>
<testsuite name="com.seat_code.controller.grass_plateau.application.find.FindGrassPlateauQueryHandlerShould" tests="2" skipped="0" failures="0" errors="0" timestamp="2021-10-27T21:11:28" hostname="DESKTOP-BC7GKLP.home" time="0.022">
  <properties/>
  <testcase name="find_an_existent_grass_plateau()" classname="com.seat_code.controller.grass_plateau.application.find.FindGrassPlateauQueryHandlerShould" time="0.019"/>
  <testcase name="non_find_an_existent_grass_plateau()" classname="com.seat_code.controller.grass_plateau.application.find.FindGrassPlateauQueryHandlerShould" time="0.003"/>
  <system-out><![CDATA[]]></system-out>
  <system-err><![CDATA[]]></system-err>
</testsuite>
