<?xml version="1.0" encoding="UTF-8"?>
<testsuite name="com.seat_code.controller.grass_plateau.application.create.CreateGrassPlateauCommandHandlerShould" tests="1" skipped="0" failures="0" errors="0" timestamp="2021-10-27T21:11:28" hostname="DESKTOP-BC7GKLP.home" time="0.002">
  <properties/>
  <testcase name="create_a_grass_plateau()" classname="com.seat_code.controller.grass_plateau.application.create.CreateGrassPlateauCommandHandlerShould" time="0.002"/>
  <system-out><![CDATA[]]></system-out>
  <system-err><![CDATA[]]></system-err>
</testsuite>
